# Rodney Probe Log — issue #110 (webR shared-boot adapter)
# Branch: 110-webr-shared-boot-adapter
# Worktree: /Users/carbonite/Documents/coding/portfolio/blendtutor-110
# Timestamp: 2026-07-23T21:30:00Z

## Server
$ python3 -m http.server 8888 (background)
$ curl -s -o /dev/null -w "%{http_code}" http://localhost:8888/tests/fixtures/webr-runtime.html
200

## Rodney lifecycle
$ uvx rodney start --insecure && uvx rodney open http://localhost:8888/tests/fixtures/webr-runtime.html
Chrome started (PID 85641)
Debug URL: ws://127.0.0.1:61548/devtools/browser/61028f6c-f36b-47be-9b17-d7a68fa6073f
AC-5 webR Adapter Test Fixture

## Probe injection
$ uvx rodney js "(function(){ var s=document.createElement('script'); s.src='http://localhost:8888/scripts/tests/webr-probe.js'; s.onload=function(){console.log('probe loaded')}; document.body.appendChild(s); })()"
null

## Probe results
$ uvx rodney js "JSON.stringify(window.__btProbeResults, null, 2)"
[
  {
    "name": "1. crossOriginIsolated === false (degraded channel)",
    "passed": true
  },
  {
    "name": "2. Before first Run: no webr.wasm fetch (lazy boot)",
    "passed": true
  },
  {
    "name": "3. First Run: boot progress shown",
    "passed": true
  },
  {
    "name": "4. Exercise 1 output contains [1] 5",
    "passed": true
  },
  {
    "name": "5. Second Run: NO boot progress (shared instance)",
    "passed": true
  },
  {
    "name": "6. Exercise 2 output contains [1] FALSE (Shelter isolation)",
    "passed": true
  },
  {
    "name": "7. Concurrent run guard: second concurrent Run rejected",
    "passed": true
  },
  {
    "name": "8. Boot state machine: getBootState() returns 'ready' after boot",
    "passed": true
  }
]

## UI capture
$ ~/.config/opencode/scripts/rodney-capture.sh http://localhost:8888/tests/fixtures/webr-runtime.html docs/evidence/110/initial-state.png 1280 720
Screenshot saved: docs/evidence/110/initial-state.png (1280x720)

$ uvx rodney open http://localhost:8888/tests/fixtures/webr-runtime.html
$ uvx rodney click ".bt-run-btn"
$ sleep 2 && uvx rodney screenshot -w 1280 -h 720 docs/evidence/110/boot-progress.png

$ uvx rodney click ".bt-run-btn"
$ poll until document.querySelectorAll('.bt-status')[0].dataset.status === 'pass'
pass

$ uvx rodney click ".bt-exercise:nth-of-type(2) .bt-run-btn"
$ poll until document.querySelectorAll('.bt-status')[1].dataset.status === 'pass'
pass

$ uvx rodney js "JSON.stringify({ex1: document.querySelectorAll('.bt-output')[0].textContent, ex2: document.querySelectorAll('.bt-output')[1].textContent, statuses: Array.from(document.querySelectorAll('.bt-status')).map(s=>s.dataset.status)})"
{"ex1":"[1] 5","ex2":"[1] FALSE","statuses":["pass","pass"]}

$ uvx rodney screenshot -w 1280 -h 720 docs/evidence/110/final-state.png

$ uvx rodney stop
Chrome stopped

## Verdict
PROBES_PASS (8/8 passed)
